Determining if the pthread_create exist failed with the following output:
Change Dir: /home/apo11o/work_folder/micromouse_2015/mybuild/CMakeFiles/CMakeTmp

Run Build Command:"/usr/bin/make" "cmTryCompileExec2551571580/fast"
/usr/bin/make -f CMakeFiles/cmTryCompileExec2551571580.dir/build.make CMakeFiles/cmTryCompileExec2551571580.dir/build
make[1]: Entering directory '/home/apo11o/work_folder/micromouse_2015/mybuild/CMakeFiles/CMakeTmp'
/usr/bin/cmake -E cmake_progress_report /home/apo11o/work_folder/micromouse_2015/mybuild/CMakeFiles/CMakeTmp/CMakeFiles 1
Building C object CMakeFiles/cmTryCompileExec2551571580.dir/CheckSymbolExists.c.o
/usr/bin/cc    -o CMakeFiles/cmTryCompileExec2551571580.dir/CheckSymbolExists.c.o   -c /home/apo11o/work_folder/micromouse_2015/mybuild/CMakeFiles/CMakeTmp/CheckSymbolExists.c
Linking C executable cmTryCompileExec2551571580
/usr/bin/cmake -E cmake_link_script CMakeFiles/cmTryCompileExec2551571580.dir/link.txt --verbose=1
/usr/bin/cc       CMakeFiles/cmTryCompileExec2551571580.dir/CheckSymbolExists.c.o  -o cmTryCompileExec2551571580 -rdynamic 
CMakeFiles/cmTryCompileExec2551571580.dir/CheckSymbolExists.c.o: In function `main':
CheckSymbolExists.c:(.text+0x16): undefined reference to `pthread_create'
collect2: error: ld returned 1 exit status
CMakeFiles/cmTryCompileExec2551571580.dir/build.make:88: recipe for target 'cmTryCompileExec2551571580' failed
make[1]: Leaving directory '/home/apo11o/work_folder/micromouse_2015/mybuild/CMakeFiles/CMakeTmp'
make[1]: *** [cmTryCompileExec2551571580] Error 1
Makefile:118: recipe for target 'cmTryCompileExec2551571580/fast' failed
make: *** [cmTryCompileExec2551571580/fast] Error 2

File /home/apo11o/work_folder/micromouse_2015/mybuild/CMakeFiles/CMakeTmp/CheckSymbolExists.c:
/* */
#include <pthread.h>

int main(int argc, char** argv)
{
  (void)argv;
#ifndef pthread_create
  return ((int*)(&pthread_create))[argc];
#else
  (void)argc;
  return 0;
#endif
}

Determining if the function pthread_create exists in the pthreads failed with the following output:
Change Dir: /home/apo11o/work_folder/micromouse_2015/mybuild/CMakeFiles/CMakeTmp

Run Build Command:"/usr/bin/make" "cmTryCompileExec231211887/fast"
/usr/bin/make -f CMakeFiles/cmTryCompileExec231211887.dir/build.make CMakeFiles/cmTryCompileExec231211887.dir/build
make[1]: Entering directory '/home/apo11o/work_folder/micromouse_2015/mybuild/CMakeFiles/CMakeTmp'
/usr/bin/cmake -E cmake_progress_report /home/apo11o/work_folder/micromouse_2015/mybuild/CMakeFiles/CMakeTmp/CMakeFiles 1
Building C object CMakeFiles/cmTryCompileExec231211887.dir/CheckFunctionExists.c.o
/usr/bin/cc   -DCHECK_FUNCTION_EXISTS=pthread_create   -o CMakeFiles/cmTryCompileExec231211887.dir/CheckFunctionExists.c.o   -c /usr/share/cmake-3.0/Modules/CheckFunctionExists.c
Linking C executable cmTryCompileExec231211887
/usr/bin/cmake -E cmake_link_script CMakeFiles/cmTryCompileExec231211887.dir/link.txt --verbose=1
/usr/bin/cc   -DCHECK_FUNCTION_EXISTS=pthread_create    CMakeFiles/cmTryCompileExec231211887.dir/CheckFunctionExists.c.o  -o cmTryCompileExec231211887 -rdynamic -lpthreads 
/usr/bin/ld: cannot find -lpthreads
collect2: error: ld returned 1 exit status
CMakeFiles/cmTryCompileExec231211887.dir/build.make:88: recipe for target 'cmTryCompileExec231211887' failed
make[1]: *** [cmTryCompileExec231211887] Error 1
make[1]: Leaving directory '/home/apo11o/work_folder/micromouse_2015/mybuild/CMakeFiles/CMakeTmp'
Makefile:118: recipe for target 'cmTryCompileExec231211887/fast' failed
make: *** [cmTryCompileExec231211887/fast] Error 2


